DEBUG 2019-03-06 12:29:49,502: 	 Executing command: 'submit'
DEBUG 2019-03-06 12:29:49,502: 	 Found CRAB cache file /afs/hep.wisc.edu/home/ms/.crab3
DEBUG 2019-03-06 12:29:49,509: 	 Checking credentials
DEBUG 2019-03-06 12:29:49,509: 	 Found proxy file /tmp/x509up_u4548
DEBUG 2019-03-06 12:29:49,509: 	 Getting proxy life time left
DEBUG 2019-03-06 12:29:49,613: 	 Executing : 
 command : voms-proxy-info -file /tmp/x509up_u4548 -timeleft
 output : 26044

 error: 
 retcode : 0
DEBUG 2019-03-06 12:29:49,717: 	 Executing : 
 command : voms-proxy-info -file /tmp/x509up_u4548 -actimeleft
 output : 26043

 error: 
 retcode : 0
DEBUG 2019-03-06 12:29:49,718: 	 Proxy lifetime 26044 secs is different from voms extension lifetime 26043 secs for proxy: /tmp/x509up_u4548
DEBUG 2019-03-06 12:29:49,718: 	 Proxy valid for 07:14:03 hours
DEBUG 2019-03-06 12:29:49,718: 	 Will use CRAB Analysis plugin (i.e. will run an analysis job type).
DEBUG 2019-03-06 12:29:50,085: 	 Executing : 
 command : openssl x509 -in ~/.globus/usercert.pem -subject -noout
 output : subject= /DC=ch/DC=cern/OU=Organic Units/OU=Users/CN=jmadhusu/CN=821276/CN=Jithin Madhusudanan Sreekala

 error: 
 retcode : 0
DEBUG 2019-03-06 12:29:50,085: 	 Checking credentials
DEBUG 2019-03-06 12:29:50,085: 	 Found proxy file /tmp/x509up_u4548
DEBUG 2019-03-06 12:29:50,085: 	 Getting proxy life time left
DEBUG 2019-03-06 12:29:50,189: 	 Executing : 
 command : voms-proxy-info -file /tmp/x509up_u4548 -timeleft
 output : 26043

 error: 
 retcode : 0
DEBUG 2019-03-06 12:29:50,293: 	 Executing : 
 command : voms-proxy-info -file /tmp/x509up_u4548 -actimeleft
 output : 26042

 error: 
 retcode : 0
DEBUG 2019-03-06 12:29:50,294: 	 Proxy lifetime 26043 secs is different from voms extension lifetime 26042 secs for proxy: /tmp/x509up_u4548
DEBUG 2019-03-06 12:29:50,294: 	 Proxy valid for 07:14:02 hours
DEBUG 2019-03-06 12:29:50,398: 	 Executing : 
 command : env X509_USER_PROXY=/tmp/x509up_u4548 voms-proxy-info -fqan
 output : /cms/Role=NULL/Capability=NULL

 error: 
 retcode : 0
DEBUG 2019-03-06 12:29:51,301: 	 Registering user credentials for server /DC=ch/DC=cern/OU=computers/CN=vocms(052|058|030|0118|0105|0109).cern.ch|/DC=ch/DC=cern/OU=computers/CN=crab-(preprod|prod)-tw(02|01).cern.ch
DEBUG 2019-03-06 12:29:51,411: 	 Executing : 
 command : openssl x509 -in ~/.globus/usercert.pem -subject -noout
 output : subject= /DC=ch/DC=cern/OU=Organic Units/OU=Users/CN=jmadhusu/CN=821276/CN=Jithin Madhusudanan Sreekala

 error: 
 retcode : 0
DEBUG 2019-03-06 12:29:51,411: 	 Getting myproxy life time left for myproxy.cern.ch
DEBUG 2019-03-06 12:29:51,412: 	 Calculating hash of /DC=ch/DC=cern/OU=Organic Units/OU=Users/CN=jmadhusu/CN=821276/CN=Jithin Madhusudanan Sreekala_cmsweb.cern.ch for credential name
DEBUG 2019-03-06 12:29:52,817: 	 Executing : 
 command : myproxy-info -l 56f8a9738f4287e67056fcc5e9686af472b1152b -s myproxy.cern.ch
 output : username: 56f8a9738f4287e67056fcc5e9686af472b1152b
owner: /DC=ch/DC=cern/OU=Organic Units/OU=Users/CN=jmadhusu/CN=821276/CN=Jithin Madhusudanan Sreekala
  renewal policy: /DC=ch/DC=cern/OU=computers/CN=vocms(052|058|030|0118|0105|0109).cern.ch|/DC=ch/DC=cern/OU=computers/CN=crab-(preprod|prod)-tw(02|01).cern.ch
  trusted retrieval policy: /DC=ch/DC=cern/OU=computers/CN=vocms(052|058|030|0118|0105|0109).cern.ch|/DC=ch/DC=cern/OU=computers/CN=crab-(preprod|prod)-tw(02|01).cern.ch
  timeleft: 206:07:13  (8.6 days)

 error: 
 retcode : 0
DEBUG 2019-03-06 12:29:52,818: 	 Myproxy is valid: 742033
DEBUG 2019-03-06 12:29:52,922: 	 Executing : 
 command : openssl x509 -noout -in ~/.globus/usercert.pem -dates
 output : notBefore=Jan 28 12:48:05 2019 GMT
notAfter=Mar  3 12:48:05 2020 GMT

 error: 
 retcode : 0
DEBUG 2019-03-06 12:29:53,063: 	 Delegating a myproxy for 720:00 hours
DEBUG 2019-03-06 12:29:53,063: 	 Calculating hash of /DC=ch/DC=cern/OU=Organic Units/OU=Users/CN=jmadhusu/CN=821276/CN=Jithin Madhusudanan Sreekala_cmsweb.cern.ch for credential name
DEBUG 2019-03-06 12:30:01,176: 	 Executing : 
 command : export GT_PROXY_MODE=rfc ; myproxy-init -d -n -s myproxy.cern.ch -x -R '/DC=ch/DC=cern/OU=computers/CN=vocms(052|058|030|0118|0105|0109).cern.ch|/DC=ch/DC=cern/OU=computers/CN=crab-(preprod|prod)-tw(02|01).cern.ch' -x -Z '/DC=ch/DC=cern/OU=computers/CN=vocms(052|058|030|0118|0105|0109).cern.ch|/DC=ch/DC=cern/OU=computers/CN=crab-(preprod|prod)-tw(02|01).cern.ch' -l '56f8a9738f4287e67056fcc5e9686af472b1152b' -t 168:00 -c 720:00
 output : Your identity: /DC=ch/DC=cern/OU=Organic Units/OU=Users/CN=jmadhusu/CN=821276/CN=Jithin Madhusudanan Sreekala
Creating proxy ........................... Done
Proxy Verify OK
Your proxy is valid until: Fri Apr  5 13:30:00 2019
A proxy valid for 720 hours (30.0 days) for user 56f8a9738f4287e67056fcc5e9686af472b1152b now exists on myproxy.cern.ch.

 error: 
 retcode : 0
DEBUG 2019-03-06 12:30:01,176: 	 Calculating hash of /DC=ch/DC=cern/OU=Organic Units/OU=Users/CN=jmadhusu/CN=821276/CN=Jithin Madhusudanan Sreekala_cmsweb.cern.ch for credential name
DEBUG 2019-03-06 12:30:02,788: 	 Executing : 
 command : myproxy-info -l 56f8a9738f4287e67056fcc5e9686af472b1152b -s myproxy.cern.ch
 output : username: 56f8a9738f4287e67056fcc5e9686af472b1152b
owner: /DC=ch/DC=cern/OU=Organic Units/OU=Users/CN=jmadhusu/CN=821276/CN=Jithin Madhusudanan Sreekala
  renewal policy: /DC=ch/DC=cern/OU=computers/CN=vocms(052|058|030|0118|0105|0109).cern.ch|/DC=ch/DC=cern/OU=computers/CN=crab-(preprod|prod)-tw(02|01).cern.ch
  trusted retrieval policy: /DC=ch/DC=cern/OU=computers/CN=vocms(052|058|030|0118|0105|0109).cern.ch|/DC=ch/DC=cern/OU=computers/CN=crab-(preprod|prod)-tw(02|01).cern.ch
  timeleft: 719:59:58  (30.0 days)

 error: 
 retcode : 0
DEBUG 2019-03-06 12:30:02,789: 	 My-proxy delegated.
DEBUG 2019-03-06 12:30:02,789: 	 Command use: submit
DEBUG 2019-03-06 12:30:02,789: 	 Options use: ['--config', <WMCore.Configuration.Configuration object at 0x7f0e5169c0d0>]
DEBUG 2019-03-06 12:30:03,719: 	 CRABClient version: 3.3.1902.patch1
DEBUG 2019-03-06 12:30:03,719: 	 Instance is prod
DEBUG 2019-03-06 12:30:03,719: 	 Server base url is cmsweb.cern.ch
DEBUG 2019-03-06 12:30:03,719: 	 Command url /crabserver/prod/workflow
DEBUG 2019-03-06 12:30:03,719: 	 Started submission
DEBUG 2019-03-06 12:30:03,719: 	 Working on /afs/hep.wisc.edu/user/ms/SM_Htt/CMSSW_9_4_13/src/SM_Htt/GenAnalysis/crab_SM_Htt_Mar06/crab_GluGluHToTauTau
DEBUG 2019-03-06 12:30:05,171: 	 Loading required information from the environment
DEBUG 2019-03-06 12:30:05,171: 	 Found CMSSW_9_4_13 for slc7_amd64_gcc630 with base /afs/hep.wisc.edu/user/ms/SM_Htt/CMSSW_9_4_13
DEBUG 2019-03-06 12:30:05,171: 	 Loading required information from the environment
DEBUG 2019-03-06 12:30:05,171: 	 Found CMSSW_9_4_13 for slc7_amd64_gcc630 with base /afs/hep.wisc.edu/user/ms/SM_Htt/CMSSW_9_4_13
DEBUG 2019-03-06 12:30:05,197: 	 UNIQUE NAME: tarUUID e149e987-8813-452f-9b1f-1bd36e00d1d3 
DEBUG 2019-03-06 12:30:05,198: 	 self.config: from WMCore.Configuration import Configuration
config = Configuration()
config.section_('General')
config.General.transferLogs = True
config.General.transferOutputs = True
config.General.workArea = 'crab_SM_Htt_Mar06'
config.General.requestName = 'GluGluHToTauTau'
config.section_('JobType')
config.JobType.psetName = 'python/ConfFile_cfg.py'
config.JobType.pluginName = 'Analysis'
config.JobType.outputFiles = ['ggtree_mc.root']
config.section_('Data')
config.Data.inputDataset = '/GluGluHToTauTau_M125_13TeV_powheg_pythia8/RunIIFall17MiniAODv2-PU2017_12Apr2018_94X_mc2017_realistic_v14-v1/MINIAODSIM'
config.Data.totalUnits = -1
config.Data.unitsPerJob = 1
config.Data.splitting = 'FileBased'
config.Data.inputDBS = 'global'
config.Data.outLFNDirBase = '/store/user/jmadhusu/SM_Htt_Mar06'
config.Data.publication = False
config.section_('Site')
config.Site.storageSite = 'T2_US_Wisconsin'
config.section_('User')
config.section_('Debug')

DEBUG 2019-03-06 12:30:05,198: 	 self.config.JobType.psetName: python/ConfFile_cfg.py
INFO 2019-03-06 12:30:05,198: 	 Importing CMSSW configuration python/ConfFile_cfg.py
INFO 2019-03-06 12:30:05,292: 	 Finished importing CMSSW configuration python/ConfFile_cfg.py
DEBUG 2019-03-06 12:30:05,292: 	 Writing CMSSW configuration to /afs/hep.wisc.edu/user/ms/SM_Htt/CMSSW_9_4_13/src/SM_Htt/GenAnalysis/crab_SM_Htt_Mar06/crab_GluGluHToTauTau/inputs/PSet.py
DEBUG 2019-03-06 12:30:05,326: 	 The following EDM output files will be collected: []
DEBUG 2019-03-06 12:30:05,326: 	 The following TFile output files will be collected: ['ttree.root']
DEBUG 2019-03-06 12:30:05,326: 	 The following user output files will be collected: ['ggtree_mc.root']
DEBUG 2019-03-06 12:30:05,327: 	 Loading required information from the environment
DEBUG 2019-03-06 12:30:05,327: 	 Found CMSSW_9_4_13 for slc7_amd64_gcc630 with base /afs/hep.wisc.edu/user/ms/SM_Htt/CMSSW_9_4_13
DEBUG 2019-03-06 12:30:05,327: 	 Making tarball in /afs/hep.wisc.edu/user/ms/SM_Htt/CMSSW_9_4_13/src/SM_Htt/GenAnalysis/crab_SM_Htt_Mar06/crab_GluGluHToTauTau/inputs/e149e987-8813-452f-9b1f-1bd36e00d1d3default.tgz
DEBUG 2019-03-06 12:30:05,453: 	 Checking directory /afs/hep.wisc.edu/user/ms/SM_Htt/CMSSW_9_4_13/lib
DEBUG 2019-03-06 12:30:05,453: 	 Adding directory /afs/hep.wisc.edu/user/ms/SM_Htt/CMSSW_9_4_13/lib to tarball
DEBUG 2019-03-06 12:30:05,918: 	 Checking directory /afs/hep.wisc.edu/user/ms/SM_Htt/CMSSW_9_4_13/biglib
DEBUG 2019-03-06 12:30:05,918: 	 Adding directory /afs/hep.wisc.edu/user/ms/SM_Htt/CMSSW_9_4_13/biglib to tarball
DEBUG 2019-03-06 12:30:05,919: 	 Checking directory /afs/hep.wisc.edu/user/ms/SM_Htt/CMSSW_9_4_13/module
DEBUG 2019-03-06 12:30:07,112: 	 Adding data directory /afs/hep.wisc.edu/user/ms/SM_Htt/CMSSW_9_4_13/src/GeneratorInterface/RivetInterface/data to tarball
DEBUG 2019-03-06 12:30:07,181: 	 Adding data directory /afs/hep.wisc.edu/user/ms/SM_Htt/CMSSW_9_4_13/src/GeneratorInterface/RivetInterface/interface to tarball
DEBUG 2019-03-06 12:30:07,327: 	 Uploading archive /afs/hep.wisc.edu/user/ms/SM_Htt/CMSSW_9_4_13/src/SM_Htt/GenAnalysis/crab_SM_Htt_Mar06/crab_GluGluHToTauTau/inputs/e149e987-8813-452f-9b1f-1bd36e00d1d3default.tgz (342 KB) to the CRAB cache. Using URI https://cmsweb.cern.ch/crabcache
DEBUG 2019-03-06 12:30:08,739: 	 Loading required information from the environment
DEBUG 2019-03-06 12:30:08,739: 	 Found CMSSW_9_4_13 for slc7_amd64_gcc630 with base /afs/hep.wisc.edu/user/ms/SM_Htt/CMSSW_9_4_13
DEBUG 2019-03-06 12:30:08,739: 	 Making tarball in /afs/hep.wisc.edu/user/ms/SM_Htt/CMSSW_9_4_13/src/SM_Htt/GenAnalysis/crab_SM_Htt_Mar06/crab_GluGluHToTauTau/inputs/debugFiles.tgz
DEBUG 2019-03-06 12:30:08,743: 	 Uploading archive /afs/hep.wisc.edu/user/ms/SM_Htt/CMSSW_9_4_13/src/SM_Htt/GenAnalysis/crab_SM_Htt_Mar06/crab_GluGluHToTauTau/inputs/debugFiles.tgz (4 KB) to the CRAB cache. Using URI https://cmsweb.cern.ch/crabcache
DEBUG 2019-03-06 12:30:09,659: 	 Result uploading input files: a3c08038fc488de5e244be67ae90742cf64d0f8e065731d9a9b8bbdbf736cde4.tar.gz 
INFO 2019-03-06 12:30:09,659: 	 Sending the request to the server
DEBUG 2019-03-06 12:30:09,659: 	 Submitting {'maxjobruntime': 1250, 'extrajdl': [], 'ignorelocality': 0, 'savelogsflag': 1, 'useparent': 0, 'asyncdest': 'T2_US_Wisconsin', 'algoargs': 1, 'cachefilename': 'a3c08038fc488de5e244be67ae90742cf64d0f8e065731d9a9b8bbdbf736cde4.tar.gz', 'numcores': 1, 'addoutputfiles': ['ggtree_mc.root'], 'generator': 'pythia', 'maxmemory': 2000, 'publishdbsurl': 'https://cmsweb.cern.ch/dbs/prod/phys03/DBSWriter', 'priority': 10, 'jobsw': 'CMSSW_9_4_13', 'edmoutfiles': [], 'userfiles': [], 'primarydataset': '', 'inputdata': '/GluGluHToTauTau_M125_13TeV_powheg_pythia8/RunIIFall17MiniAODv2-PU2017_12Apr2018_94X_mc2017_realistic_v14-v1/MINIAODSIM', 'lfn': '/store/user/jmadhusu/SM_Htt_Mar06', 'dryrun': 0, 'workflow': 'crab_GluGluHToTauTau', 'cacheurl': u'https://cmsweb.cern.ch/crabcache', 'nonprodsw': 0, 'tfileoutfiles': ['ttree.root'], 'oneEventMode': 0, 'debugfilename': '0ed559a879bebb53c772e175bba56b630b4305fa201884023650d44af4025bec.tar.gz', 'saveoutput': 1, 'publication': 0, 'jobarch': 'slc7_amd64_gcc630', 'totalunits': -1, 'splitalgo': 'FileBased', 'ignoreglobalblacklist': 0, 'nonvaliddata': 0, 'dbsurl': 'https://cmsweb.cern.ch/dbs/prod/global/DBSReader', 'publishgroupname': 0, 'jobtype': 'Analysis', 'publishname2': ''} 
DEBUG 2019-03-06 12:30:09,659: 	 Encoded submit request: maxjobruntime=1250&ignorelocality=0&savelogsflag=1&useparent=0&asyncdest=T2_US_Wisconsin&algoargs=1&cachefilename=a3c08038fc488de5e244be67ae90742cf64d0f8e065731d9a9b8bbdbf736cde4.tar.gz&numcores=1&generator=pythia&maxmemory=2000&publishdbsurl=https%3A%2F%2Fcmsweb.cern.ch%2Fdbs%2Fprod%2Fphys03%2FDBSWriter&priority=10&jobsw=CMSSW_9_4_13&primarydataset=&inputdata=%2FGluGluHToTauTau_M125_13TeV_powheg_pythia8%2FRunIIFall17MiniAODv2-PU2017_12Apr2018_94X_mc2017_realistic_v14-v1%2FMINIAODSIM&lfn=%2Fstore%2Fuser%2Fjmadhusu%2FSM_Htt_Mar06&dryrun=0&workflow=crab_GluGluHToTauTau&cacheurl=https%3A%2F%2Fcmsweb.cern.ch%2Fcrabcache&nonprodsw=0&oneEventMode=0&debugfilename=0ed559a879bebb53c772e175bba56b630b4305fa201884023650d44af4025bec.tar.gz&saveoutput=1&publication=0&jobarch=slc7_amd64_gcc630&totalunits=-1&splitalgo=FileBased&ignoreglobalblacklist=0&nonvaliddata=0&dbsurl=https%3A%2F%2Fcmsweb.cern.ch%2Fdbs%2Fprod%2Fglobal%2FDBSReader&publishgroupname=0&jobtype=Analysis&publishname2=&addoutputfiles=ggtree_mc.root&tfileoutfiles=ttree.root
